{
  "RSpec": {
    "coverage": {
      "/Users/scottsouthard/Documents/Dev/medici/config/environment.rb": [
        null,
        1,
        null,
        null,
        1
      ],
      "/Users/scottsouthard/Documents/Dev/medici/config/application.rb": [
        1,
        null,
        1,
        null,
        null,
        null,
        1,
        null,
        1,
        1,
        null,
        null,
        null,
        null,
        null
      ],
      "/Users/scottsouthard/Documents/Dev/medici/config/boot.rb": [
        1,
        null,
        1
      ],
      "/Users/scottsouthard/Documents/Dev/medici/config/environments/test.rb": [
        1,
        null,
        null,
        null,
        null,
        null,
        null,
        1,
        null,
        null,
        null,
        null,
        1,
        null,
        null,
        1,
        1,
        null,
        null,
        null,
        null,
        1,
        1,
        null,
        null,
        1,
        null,
        null,
        1,
        1,
        null,
        null,
        null,
        null,
        1,
        null,
        null,
        1,
        null,
        null,
        null,
        null
      ],
      "/Users/scottsouthard/Documents/Dev/medici/config/initializers/application_controller_renderer.rb": [
        null,
        null,
        null,
        null,
        null,
        null
      ],
      "/Users/scottsouthard/Documents/Dev/medici/config/initializers/assets.rb": [
        null,
        null,
        null,
        1,
        null,
        null,
        null,
        null,
        null,
        null
      ],
      "/Users/scottsouthard/Documents/Dev/medici/config/initializers/backtrace_silencers.rb": [
        null,
        null,
        null,
        null,
        null,
        null,
        null
      ],
      "/Users/scottsouthard/Documents/Dev/medici/config/initializers/cookies_serializer.rb": [
        null,
        null,
        null,
        null,
        1
      ],
      "/Users/scottsouthard/Documents/Dev/medici/config/initializers/devise.rb": [
        null,
        null,
        1,
        null,
        null,
        null,
        null,
        null,
        null,
        null,
        null,
        null,
        null,
        null,
        1,
        null,
        null,
        null,
        null,
        null,
        null,
        null,
        null,
        null,
        null,
        null,
        1,
        null,
        null,
        null,
        null,
        null,
        null,
        null,
        null,
        null,
        null,
        null,
        null,
        null,
        null,
        null,
        null,
        null,
        null,
        null,
        null,
        null,
        1,
        null,
        null,
        null,
        null,
        1,
        null,
        null,
        null,
        null,
        null,
        null,
        null,
        null,
        null,
        null,
        null,
        null,
        null,
        null,
        null,
        null,
        null,
        null,
        null,
        null,
        null,
        null,
        null,
        null,
        null,
        null,
        null,
        null,
        null,
        null,
        1,
        null,
        null,
        null,
        null,
        null,
        null,
        null,
        null,
        null,
        null,
        null,
        null,
        null,
        null,
        null,
        null,
        null,
        null,
        null,
        null,
        null,
        null,
        1,
        null,
        null,
        null,
        null,
        null,
        null,
        null,
        null,
        null,
        null,
        null,
        null,
        null,
        null,
        null,
        null,
        null,
        null,
        null,
        null,
        null,
        null,
        null,
        null,
        null,
        null,
        null,
        1,
        null,
        null,
        null,
        null,
        null,
        null,
        null,
        null,
        null,
        1,
        null,
        null,
        null,
        null,
        null,
        null,
        null,
        null,
        null,
        null,
        1,
        null,
        null,
        null,
        null,
        1,
        null,
        null,
        null,
        null,
        null,
        null,
        null,
        null,
        null,
        null,
        null,
        null,
        null,
        null,
        null,
        null,
        null,
        null,
        null,
        null,
        null,
        null,
        null,
        null,
        null,
        null,
        null,
        null,
        null,
        null,
        null,
        null,
        null,
        null,
        null,
        null,
        null,
        null,
        null,
        null,
        1,
        null,
        null,
        null,
        null,
        null,
        null,
        null,
        null,
        null,
        null,
        null,
        null,
        null,
        null,
        null,
        null,
        null,
        null,
        null,
        null,
        null,
        null,
        null,
        null,
        null,
        null,
        null,
        null,
        null,
        null,
        null,
        null,
        null,
        null,
        null,
        null,
        null,
        null,
        null,
        null,
        null,
        null,
        1,
        1,
        null,
        null,
        null,
        null,
        null,
        null,
        null,
        null,
        null,
        null,
        null,
        null,
        null,
        null,
        null,
        null,
        null,
        null,
        null,
        null,
        null,
        null,
        null,
        null,
        null,
        null,
        null
      ],
      "/Users/scottsouthard/Documents/Dev/medici/config/initializers/filter_parameter_logging.rb": [
        null,
        null,
        null,
        1
      ],
      "/Users/scottsouthard/Documents/Dev/medici/config/initializers/inflections.rb": [
        null,
        null,
        null,
        null,
        null,
        null,
        null,
        null,
        null,
        null,
        null,
        null,
        null,
        null,
        null,
        null
      ],
      "/Users/scottsouthard/Documents/Dev/medici/config/initializers/mime_types.rb": [
        null,
        null,
        null,
        null
      ],
      "/Users/scottsouthard/Documents/Dev/medici/config/initializers/new_framework_defaults.rb": [
        null,
        null,
        null,
        null,
        null,
        null,
        null,
        1,
        null,
        null,
        1,
        null,
        null,
        null,
        1,
        null,
        null,
        1,
        null,
        null,
        1,
        null,
        null,
        1
      ],
      "/Users/scottsouthard/Documents/Dev/medici/config/initializers/paperclip.rb": [

      ],
      "/Users/scottsouthard/Documents/Dev/medici/config/initializers/session_store.rb": [
        null,
        null,
        1
      ],
      "/Users/scottsouthard/Documents/Dev/medici/config/initializers/stipe.rb": [
        1,
        null,
        null,
        null,
        null,
        1
      ],
      "/Users/scottsouthard/Documents/Dev/medici/config/initializers/time_zone_aware_types.rb": [
        1
      ],
      "/Users/scottsouthard/Documents/Dev/medici/config/initializers/wrap_parameters.rb": [
        null,
        null,
        null,
        null,
        null,
        null,
        1,
        2,
        null,
        null,
        null,
        null,
        null,
        null
      ],
      "/Users/scottsouthard/Documents/Dev/medici/config/routes.rb": [
        1,
        1,
        null,
        null,
        1,
        1,
        1,
        1,
        1,
        1,
        1,
        1,
        1,
        1,
        1,
        1,
        1,
        1,
        1,
        1,
        1,
        1,
        1,
        1,
        1,
        1,
        1,
        1,
        1,
        1,
        1,
        1,
        1,
        1,
        1,
        null,
        1,
        null
      ],
      "/Users/scottsouthard/Documents/Dev/medici/app/models/form_user.rb": [
        1,
        1,
        null,
        1,
        1,
        null,
        1,
        1,
        1,
        null,
        1,
        null,
        1,
        1,
        1,
        null,
        1,
        0,
        0,
        null,
        null,
        1,
        0,
        null,
        null
      ],
      "/Users/scottsouthard/Documents/Dev/medici/app/models/user.rb": [
        1,
        1,
        1,
        1,
        1,
        1,
        null,
        1,
        1,
        null,
        1,
        null,
        1,
        null,
        1,
        null,
        1,
        6,
        null,
        null,
        1,
        0,
        null,
        null,
        1,
        0,
        null,
        null
      ],
      "/Users/scottsouthard/Documents/Dev/medici/app/models/application_record.rb": [
        1,
        1,
        null
      ],
      "/Users/scottsouthard/Documents/Dev/medici/app/helpers/application_helper.rb": [
        1,
        null,
        1,
        0,
        0,
        0,
        null,
        null,
        null,
        null,
        null
      ],
      "/Users/scottsouthard/Documents/Dev/medici/app/helpers/carts_helper.rb": [
        1,
        null
      ],
      "/Users/scottsouthard/Documents/Dev/medici/app/helpers/charges_helper.rb": [
        1,
        null
      ],
      "/Users/scottsouthard/Documents/Dev/medici/app/helpers/events_helper.rb": [
        1,
        null
      ],
      "/Users/scottsouthard/Documents/Dev/medici/app/helpers/exhibit_helper.rb": [
        1,
        null
      ],
      "/Users/scottsouthard/Documents/Dev/medici/app/helpers/museum_helper.rb": [
        1,
        null
      ],
      "/Users/scottsouthard/Documents/Dev/medici/app/helpers/pieces_helper.rb": [
        1,
        null
      ],
      "/Users/scottsouthard/Documents/Dev/medici/app/helpers/sessions_helper.rb": [
        1,
        null,
        1,
        0,
        0,
        null,
        null,
        null,
        1,
        0,
        null,
        null,
        1,
        null,
        1,
        0,
        null,
        null,
        1,
        0,
        null,
        null,
        null
      ],
      "/Users/scottsouthard/Documents/Dev/medici/app/helpers/tagging_helper.rb": [
        1,
        null
      ],
      "/Users/scottsouthard/Documents/Dev/medici/app/helpers/tags_helper.rb": [
        1,
        null
      ],
      "/Users/scottsouthard/Documents/Dev/medici/app/helpers/ticket_helper.rb": [
        1,
        null,
        1,
        2,
        2,
        0,
        null,
        2,
        null,
        null,
        1,
        0,
        0,
        0,
        0,
        null,
        null,
        0,
        null,
        null,
        null
      ],
      "/Users/scottsouthard/Documents/Dev/medici/app/helpers/users_helper.rb": [
        1,
        null
      ],
      "/Users/scottsouthard/Documents/Dev/medici/app/models/event.rb": [
        1,
        1,
        1,
        1,
        1,
        1,
        1,
        1,
        null,
        1,
        1,
        1,
        1,
        1,
        null,
        1,
        18,
        null,
        1,
        0,
        null,
        null,
        1,
        1,
        17,
        16,
        16,
        16,
        null,
        16,
        16,
        null,
        null,
        1,
        17,
        2,
        15,
        1,
        null,
        null,
        null,
        1,
        17,
        2,
        15,
        1,
        null,
        null,
        null
      ],
      "/Users/scottsouthard/Documents/Dev/medici/app/models/exhibit.rb": [
        1,
        1,
        1,
        1,
        1,
        1,
        null,
        1,
        1,
        1,
        1,
        1,
        null,
        1,
        0,
        null,
        null,
        1,
        null,
        1,
        6,
        5,
        5,
        5,
        null,
        5,
        5,
        null,
        null,
        null
      ],
      "/Users/scottsouthard/Documents/Dev/medici/app/models/museum.rb": [
        1,
        1,
        1,
        1,
        47,
        1,
        1,
        1,
        1,
        null,
        1,
        1,
        null,
        1,
        1,
        1,
        1,
        null,
        1,
        31,
        null,
        1,
        0,
        null,
        null,
        1,
        null,
        1,
        30,
        29,
        29,
        29,
        null,
        29,
        29,
        null,
        null,
        null,
        1,
        30,
        2,
        28,
        3,
        null,
        null,
        null,
        null
      ],
      "/Users/scottsouthard/Documents/Dev/medici/app/models/order.rb": [
        1,
        1,
        1,
        null,
        1,
        5,
        null,
        null,
        1,
        null,
        1,
        2,
        null,
        null,
        null
      ],
      "/Users/scottsouthard/Documents/Dev/medici/app/models/piece.rb": [
        1,
        1,
        1,
        1,
        1,
        null,
        1,
        1,
        null,
        1,
        1,
        null,
        null
      ],
      "/Users/scottsouthard/Documents/Dev/medici/app/models/ticket.rb": [
        1,
        1,
        1,
        1,
        1,
        1,
        null,
        1,
        null,
        1,
        null,
        1,
        4,
        0,
        4,
        0,
        null,
        4,
        0,
        null,
        4,
        null,
        null,
        null,
        null,
        1,
        1,
        null,
        null,
        1,
        1,
        0,
        0,
        null,
        null,
        null,
        null,
        1,
        0,
        0,
        null,
        null,
        null,
        1,
        0,
        0,
        null,
        null
      ],
      "/Users/scottsouthard/Documents/Dev/medici/app/mailers/users_mailer.rb": [
        1,
        1,
        1,
        null,
        1,
        10,
        10,
        10,
        null,
        null,
        null
      ],
      "/Users/scottsouthard/Documents/Dev/medici/app/mailers/application_mailer.rb": [
        1,
        1,
        1,
        null
      ]
    },
    "timestamp": 1477673307
  }
}
